<?xml version="1.0" encoding="UTF-8"?>
<!-- Generated by org.testng.reporters.JUnitXMLReporter -->
<testsuite ignored="0" hostname="LAPTOP-5BS2B6EL" failures="1" tests="2" name="edgeTest" time="99.734" errors="0" timestamp="2021-05-27T16:28:13 IST">
  <testcase classname="testCases.TestCase1" name="f" time="49.854"/>
  <testcase classname="testCases.TestCase2" name="f" time="25.953">
    <failure type="org.openqa.selenium.ElementClickInterceptedException" message="element click intercepted: Element &amp;lt;li class=&amp;quot;Selection &amp;quot;&amp;gt;...&amp;lt;/li&amp;gt; is not clickable at point (1004, 331). Other element would receive the click: &amp;lt;div class=&amp;quot;guideOverlay&amp;quot; style=&amp;quot;height: 1292px;&amp;quot;&amp;gt;...&amp;lt;/div&amp;gt;
  (Session info: MicrosoftEdge=90.0.818.66)
Build info: version: &amp;apos;3.141.59&amp;apos;, revision: &amp;apos;e82be7d358&amp;apos;, time: &amp;apos;2018-11-14T08:17:03&amp;apos;
System info: host: &amp;apos;LAPTOP-5BS2B6EL&amp;apos;, ip: &amp;apos;192.168.1.4&amp;apos;, os.name: &amp;apos;Windows 10&amp;apos;, os.arch: &amp;apos;amd64&amp;apos;, os.version: &amp;apos;10.0&amp;apos;, java.version: &amp;apos;15.0.2&amp;apos;
Driver info: org.openqa.selenium.edge.EdgeDriver
Capabilities {acceptInsecureCerts: false, browserName: msedge, browserVersion: 90.0.818.66, javascriptEnabled: true, ms:edgeOptions: {debuggerAddress: localhost:49500}, msedge: {msedgedriverVersion: 90.0.818.66 (5f913625aa6fc5..., userDataDir: C:\Users\aelsa\AppData\Loca...}, networkConnectionEnabled: false, pageLoadStrategy: normal, platform: WINDOWS, platformName: WINDOWS, proxy: Proxy(), setWindowRect: true, strictFileInteractability: false, timeouts: {implicit: 0, pageLoad: 300000, script: 30000}, unhandledPromptBehavior: dismiss and notify, webauthn:extension:largeBlob: true, webauthn:virtualAuthenticators: true}
Session ID: 19c25cb91126e9f864732fe18d07de00">
      <![CDATA[org.openqa.selenium.ElementClickInterceptedException: element click intercepted: Element <li class="Selection ">...</li> is not clickable at point (1004, 331). Other element would receive the click: <div class="guideOverlay" style="height: 1292px;">...</div>
  (Session info: MicrosoftEdge=90.0.818.66)
Build info: version: '3.141.59', revision: 'e82be7d358', time: '2018-11-14T08:17:03'
System info: host: 'LAPTOP-5BS2B6EL', ip: '192.168.1.4', os.name: 'Windows 10', os.arch: 'amd64', os.version: '10.0', java.version: '15.0.2'
Driver info: org.openqa.selenium.edge.EdgeDriver
Capabilities {acceptInsecureCerts: false, browserName: msedge, browserVersion: 90.0.818.66, javascriptEnabled: true, ms:edgeOptions: {debuggerAddress: localhost:49500}, msedge: {msedgedriverVersion: 90.0.818.66 (5f913625aa6fc5..., userDataDir: C:\Users\aelsa\AppData\Loca...}, networkConnectionEnabled: false, pageLoadStrategy: normal, platform: WINDOWS, platformName: WINDOWS, proxy: Proxy(), setWindowRect: true, strictFileInteractability: false, timeouts: {implicit: 0, pageLoad: 300000, script: 30000}, unhandledPromptBehavior: dismiss and notify, webauthn:extension:largeBlob: true, webauthn:virtualAuthenticators: true}
Session ID: 19c25cb91126e9f864732fe18d07de00
at org.openqa.selenium.remote.http.W3CHttpResponseCodec.createException(W3CHttpResponseCodec.java:187)
at org.openqa.selenium.remote.http.W3CHttpResponseCodec.decode(W3CHttpResponseCodec.java:122)
at org.openqa.selenium.remote.http.W3CHttpResponseCodec.decode(W3CHttpResponseCodec.java:49)
at org.openqa.selenium.remote.HttpCommandExecutor.execute(HttpCommandExecutor.java:158)
at org.openqa.selenium.remote.service.DriverCommandExecutor.execute(DriverCommandExecutor.java:83)
at org.openqa.selenium.remote.RemoteWebDriver.execute(RemoteWebDriver.java:552)
at org.openqa.selenium.remote.RemoteWebElement.execute(RemoteWebElement.java:285)
at org.openqa.selenium.remote.RemoteWebElement.click(RemoteWebElement.java:84)
at org.openqa.selenium.support.pagefactory.internal.LocatingElementHandler.invoke(LocatingElementHandler.java:51)
at com.sun.proxy.$Proxy18.click(Unknown Source)
at pageElements.HolidaysPageElements.selectFourStarFilter(HolidaysPageElements.java:114)
at testCases.TestCase2.f(TestCase2.java:64)
at java.base/java.util.ArrayList.forEach(ArrayList.java:1511)
... Removed 35 stack frames]]>
    </failure>
  </testcase> <!-- f -->
</testsuite> <!-- edgeTest -->
